0:100  0:100  MemLog inited, TSC freq: 2808390880
0:100  0:000  CPU was calibrated with RTC
0:100  0:000  
0:100  0:000  Now is 26.7.2018,  13:27:42 (GMT)
0:100  0:000  Starting Clover revision: 4617 on American Megatrends EFI
0:100  0:000  Build with: [Args: -D NO_GRUB_DRIVERS_EMBEDDED | -D NO_GRUB_DRIVERS_EMBEDDED -D USE_LOW_EBDA -a X64 -b RELEASE -t XCODE8 -n 5 | OS: 10.13.6 | XCODE: 9.4.1]
0:100  0:000  SelfDevicePath=PciRoot(0x0)\Pci(0x17,0x0)\Sata(0x0,0xFFFF,0x0)\HD(1,GPT,00942AE3-790E-43D1-8C9F-C7E7EB1004FC,0x28,0x64000) @C287AB18
0:100  0:000  SelfDirPath = \EFI\BOOT
0:101  0:001  === [ Get Smbios ] ========================================
0:102  0:000  Type 16 Index = 0
0:102  0:000  Total Memory Slots Count = 4
0:102  0:000  Type 17 Index = 0
0:102  0:000  Ignoring insane frequency value 0MHz
0:102  0:000  SmbiosTable.Type17->Speed = 0MHz
0:102  0:000  SmbiosTable.Type17->Size = 0MB
0:102  0:000  SmbiosTable.Type17->Bank/Device = BANK 0 ChannelA-DIMM1
0:102  0:000  SmbiosTable.Type17->Vendor = <null string>
0:102  0:000  SmbiosTable.Type17->SerialNumber = <null string>
0:102  0:000  SmbiosTable.Type17->PartNumber = <null string>
0:102  0:000  Type 17 Index = 1
0:102  0:000  SmbiosTable.Type17->Speed = 2400MHz
0:102  0:000  SmbiosTable.Type17->Size = 8192MB
0:102  0:000  SmbiosTable.Type17->Bank/Device = BANK 1 ChannelA-DIMM2
0:102  0:000  SmbiosTable.Type17->Vendor = CRUCIAL
0:102  0:000  SmbiosTable.Type17->SerialNumber = 34827900
0:102  0:000  SmbiosTable.Type17->PartNumber = BLS8G4D240FSB.16FBD 
0:102  0:000  Type 17 Index = 2
0:102  0:000  Ignoring insane frequency value 0MHz
0:102  0:000  SmbiosTable.Type17->Speed = 0MHz
0:102  0:000  SmbiosTable.Type17->Size = 0MB
0:102  0:000  SmbiosTable.Type17->Bank/Device = BANK 2 ChannelB-DIMM1
0:102  0:000  SmbiosTable.Type17->Vendor = <null string>
0:102  0:000  SmbiosTable.Type17->SerialNumber = <null string>
0:102  0:000  SmbiosTable.Type17->PartNumber = <null string>
0:102  0:000  Type 17 Index = 3
0:102  0:000  Ignoring insane frequency value 0MHz
0:102  0:000  SmbiosTable.Type17->Speed = 0MHz
0:102  0:000  SmbiosTable.Type17->Size = 0MB
0:102  0:000  SmbiosTable.Type17->Bank/Device = BANK 3 ChannelB-DIMM2
0:102  0:000  SmbiosTable.Type17->Vendor = <null string>
0:102  0:000  SmbiosTable.Type17->SerialNumber = <null string>
0:102  0:000  SmbiosTable.Type17->PartNumber = <null string>
0:102  0:000  Boot status=0
0:102  0:000  Running on: 'System Product Name' with board 'PRIME Z370-P'
0:102  0:000  === [ GetCPUProperties ] ==================================
0:102  0:000  CPU Vendor = 756E6547 Model=906EA
0:102  0:000   The CPU supported SSE4.1
0:102  0:000  BrandString = Intel(R) Core(TM) i5-8400 CPU @ 2.80GHz
0:102  0:000   The CPU supported turbo
0:102  0:000  MSR 0x35               60006
0:102  0:000   TSC/CCC Information Leaf:
0:102  0:000    numerator     : 234
0:102  0:000    denominator   : 2
0:102  0:000   Calibrated ARTFrequency: 24003340
0:102  0:000  MSR 0xE2 before patch 1E000000
0:102  0:000  MSR 0xCE              00080838_F1011C00
0:102  0:000  corrected FLEX_RATIO = 0
0:102  0:000  MSR 0x1B0             00000000
0:102  0:000  FSBFrequency = 100 MHz, DMI FSBFrequency = 100 MHz, Corrected FSBFrequency = 100 MHz
0:102  0:000  MaxDiv/MinDiv: 28.0/8
0:102  0:000  Turbo: 39/39/39/40
0:102  0:000  Features: 0xBFEBFBFF
0:102  0:000  Threads: 6
0:102  0:000  Cores: 6
0:102  0:000  FSB: 100 MHz
0:102  0:000  CPU: 2800 MHz
0:102  0:000  TSC: 2800 MHz
0:102  0:000  PIS: 100 MHz
0:102  0:000  ExternalClock: 25 MHz
0:102  0:000  === [ GetDevices ] ========================================
0:102  0:000  PCI (00|00:00.00) : 8086 3EC2 class=060000
0:102  0:000  PCI (00|00:01.00) : 8086 1901 class=060400
0:102  0:000  PCI (00|01:00.00) : 10DE 1C02 class=030000
0:102  0:000   - GFX: Model=EVGA GeForce GTX 1060 family 136 (Nvidia)
0:102  0:000  PCI (00|01:00.01) : 10DE 10F1 class=040300
0:102  0:000   - HDMI Audio: 
0:102  0:000  PCI (00|00:14.00) : 8086 A2AF class=0C0330
0:102  0:000  PCI (00|00:16.00) : 8086 A2BA class=078000
0:102  0:000  PCI (00|00:17.00) : 8086 A282 class=010601
0:102  0:000  PCI (00|00:1B.00) : 8086 A2E7 class=060400
0:102  0:000  PCI (00|00:1C.00) : 8086 A290 class=060400
0:102  0:000  PCI (00|00:1C.03) : 8086 A293 class=060400
0:102  0:000  PCI (00|04:00.00) : 10EC 8168 class=020000
0:102  0:000   - LAN: 0 Vendor=Realtek
0:102  0:000  PCI (00|00:1D.00) : 8086 A298 class=060400
0:102  0:000  PCI (00|00:1F.00) : 8086 A2C9 class=060100
0:102  0:000  PCI (00|00:1F.02) : 8086 A2A1 class=058000
0:102  0:000  PCI (00|00:1F.03) : 8086 A2F0 class=040300
0:102  0:000  PCI (00|00:1F.04) : 8086 A2A3 class=0C0500
0:102  0:000  === [ GetDefaultSettings ] ================================
0:102  0:000  Clover load options size = 0 bytes
0:118  0:015  EFI\CLOVER\config.plist loaded: Success
0:118  0:000  === [ GetListOfThemes ] ===================================
0:119  0:001  - [00]: embedded
0:122  0:002  - [00]: random
0:126  0:004  === [ Found config plists ] ===============================
0:127  0:001  - config.plist
0:128  0:000  === [ GetEarlyUserSettings ] ==============================
0:128  0:000  timeout set to -1
0:128  0:000  Custom boot CUSTOM_BOOT_DISABLED (0x0)
0:128  0:000  Default theme: embedded
0:128  0:000  === [ LoadDrivers ] =======================================
0:131  0:003  Loading AppleImageCodec-64.efi  status=Success
0:136  0:005  Loading AppleKeyAggregator-64.efi  status=Success
0:140  0:003  Loading AppleUITheme-64.efi  status=Success
0:144  0:004  Loading DataHubDxe-64.efi  status=Success
0:150  0:005  Loading FirmwareVolume-64.efi  status=Success
0:154  0:003  Loading FSInject-64.efi  status=Success
0:158  0:003  Loading OsxAptioFixDrv-64.efi  status=Success
0:162  0:003  Loading SMCHelper-64.efi  status=Success
0:166  0:004  Loading HFSPlus.efi  status=Success
0:171  0:005   - driver needs connecting
0:171  0:000  1 drivers needs connecting ...
0:171  0:000  PlatformDriverOverrideProtocol->GetDriver overriden
0:171  0:000  HFS+ driver loaded
0:171  0:000  Searching for invalid DiskIo BY_DRIVER connects: not found, all ok
0:387  0:215  === [ InitScreen ] ========================================
0:387  0:000  SetScreenResolution: 1920x1080 - setting Mode 4
0:713  0:326  Video mode change to mode #4: Success
0:713  0:000  Console modes reported: 4, available modes:
0:713  0:000   - [01]: 80x25 (current mode)
0:714  0:000   - [02]: 80x50
0:714  0:000   - [03]: 100x31
0:714  0:000   - [04]: 240x56
0:714  0:000  reinit: self device path=PciRoot(0x0)\Pci(0x17,0x0)\Sata(0x0,0xFFFF,0x0)\HD(1,GPT,00942AE3-790E-43D1-8C9F-C7E7EB1004FC,0x28,0x64000)
0:715  0:001  === [ GetMacAddress ] =====================================
0:715  0:000   get legacy LAN MAC, 1 card found
0:715  0:000  Legacy MAC address of LAN #0= 4C:ED:FB:66:8A:70:
0:715  0:000  === [ ScanSPD ] ===========================================
0:715  0:000  SMBus device : 8086 A2A3 class=0C0500 status=Success
0:715  0:000  SMBus CmdReg: 0x3
0:715  0:000  Scanning SMBus [8086:A2A3], mmio: 0xFFF24004, ioport: 0xF000, hostc: 0x11
0:715  0:000  Slots to scan [8]...
0:716  0:000  SPD[1]: Type 12 @0x51
0:734  0:018  XMP Profile1: 7*125 -42 ns
0:734  0:000  Found module with XMP version 2.0
0:734  0:000  Using XMP Profile1 instead of standard frequency 2400MHz
0:734  0:000  DDR speed 2400MHz
0:734  0:000  Slot: 1 Type 26 8192MB 2400MHz Vendor=Crucial Technology PartNo=BLS8G4D240FSB.16FBD SerialNo=0304080207090000
0:735  0:000  === [ GetAcpiTablesList ] =================================
0:735  0:000  Get Acpi Tables List from RSDT:
0:735  0:000   - [00]: FACP  A M I  len=132
0:735  0:000   - [01]: APIC  A M I  len=160
0:735  0:000   - [02]: FPDT  A M I  len=68
0:735  0:000   - [03]: FIDT  A M I len=156
0:735  0:000   - [04]: WSMT  A M I  len=40
0:735  0:000   - [05]: MCFG  A M I  len=60
0:735  0:000   - [06]: SSDT  SataTabl len=931
0:735  0:000   - [07]: SSDT  SaSsdt  len=12355
0:735  0:000   - [08]: SSDT  PegSsdt len=9745
0:735  0:000   - [09]: HPET  KBL len=56
0:735  0:000   - [10]: SSDT  Ther_Rvp len=4514
0:735  0:000   - [11]: SSDT  xh_rvp08 len=2843
0:735  0:000   - [12]: UEFI  A M I  len=66
0:735  0:000   - [13]: SSDT  CpuSsdt len=6062
0:735  0:000   - [14]: LPIT  KBL len=148
0:735  0:000   - [15]: SSDT  HdaDsp len=321
0:735  0:000   - [16]: SSDT  sensrhub len=671
0:735  0:000   - [17]: SSDT  PtidDevc len=12290
0:735  0:000   - [18]: SSDT  TbtTypeC len=1303
0:735  0:000   - [19]: DBGP   len=52
0:735  0:000   - [20]: DBG2   len=84
0:735  0:000   - [21]: BGRT  A M I  len=56
0:735  0:000  Calibrated TSC Frequency = 2808390880 = 2808MHz
0:735  0:000  === [ GetUserSettings ] ===================================
0:735  0:000  USB FixOwnership: yes
0:735  0:000  Dropping 3 tables:
0:735  0:000   - [00]: Drop table  signature="DMAR" (52414D44)
0:735  0:000           - set table: 52414D44,                0 to drop: no
0:735  0:000   - [01]: Drop table  signature="SSDT" (54445353) table-id="CpuPm" (0000006D50757043)
0:735  0:000           - set table: 54445353,       6D50757043 to drop: no
0:735  0:000   - [02]: Drop table  signature="SSDT" (54445353) table-id="Cpu0Ist" (0074734930757043)
0:735  0:000           - set table: 54445353,   74734930757043 to drop: no
0:735  0:000   - final DSDT Fix mask=3FE70004
0:735  0:000  PatchesDSDT: 5 requested
0:735  0:000   - [00]: (Add _SUN property for GIGE) lenToFind: 18, lenToReplace: 25, Target Bridge: <null string>
0:735  0:000    patch disabled at config
0:735  0:000   - [01]: (Rename GFX0 to IGPU) lenToFind: 4, lenToReplace: 4, Target Bridge: <null string>
0:735  0:000   - [02]: (Rename HDEF to AZAL) lenToFind: 4, lenToReplace: 4, Target Bridge: <null string>
0:735  0:000    patch disabled at config
0:735  0:000   - [03]: (Rename oem _DSM to ZDSM) lenToFind: 4, lenToReplace: 4, Target Bridge: <null string>
0:735  0:000   - [04]: (Rename HECI to IMEI) lenToFind: 4, lenToReplace: 4, Target Bridge: <null string>
0:735  0:000  Devices to rename 1
0:735  0:000  PXSX:RP01:PCI0:#_SB:->will be renamed to ARPT
0:735  0:000  Using ProductName from config: iMac18,2
0:735  0:000  Using latest BiosVersion from clover
0:735  0:000  BiosVersion: IM183.88Z.0161.B00.1806260901
0:735  0:000  BiosReleaseDate: 06/26/2018
0:735  0:000  Using FirmwareFeatures from config: 0xFC0FE137
0:735  0:000  Using FirmwareFeaturesMask from config: 0xFF1FFF3F
0:735  0:000  Board-ID set from config as Mac-77F17D7DA9285301
0:735  0:000  BoardType: 0xA
0:735  0:000  ChassisType: 0x9
0:737  0:002  === [ Found DSDT tables ] =================================
0:766  0:028  === [ ScanVolumes ] =======================================
0:766  0:000  Found 13 volumes with blockIO
0:766  0:000  - [00]: Volume: PciRoot(0x0)\Pci(0x14,0x0)\USB(0x5,0x0)
0:767  0:000          USB volume
0:767  0:000  - [01]: Volume: PciRoot(0x0)\Pci(0x14,0x0)\USB(0x5,0x0)\HD(1,GPT,F63B0482-3486-4958-93C9-2A972376107C,0x28,0x64000)
0:768  0:000          Result of bootcode detection: bootable unknown (legacy)
0:768  0:000          USB volume
0:773  0:005  - [02]: Volume: PciRoot(0x0)\Pci(0x14,0x0)\USB(0x5,0x0)\HD(2,GPT,7138FF26-872B-4710-AD6D-076244302FF4,0x64028,0xE5BFB0)
0:774  0:000          USB volume
0:774  0:000  - [03]: Volume: PciRoot(0x0)\Pci(0x17,0x0)\Sata(0x0,0xFFFF,0x0)
0:775  0:000  - [04]: Volume: PciRoot(0x0)\Pci(0x17,0x0)\Sata(0x1,0xFFFF,0x0)
0:775  0:000  - [05]: Volume: PciRoot(0x0)\Pci(0x17,0x0)\Sata(0x2,0xFFFF,0x0)
0:775  0:000          Found optical drive
0:775  0:000  - [06]: Volume: PciRoot(0x0)\Pci(0x17,0x0)\Sata(0x0,0xFFFF,0x0)\HD(1,GPT,00942AE3-790E-43D1-8C9F-C7E7EB1004FC,0x28,0x64000)
0:776  0:000          Result of bootcode detection: bootable unknown (legacy)
0:777  0:001          This is SelfVolume !!
0:777  0:000  - [07]: Volume: PciRoot(0x0)\Pci(0x17,0x0)\Sata(0x0,0xFFFF,0x0)\HD(2,GPT,E8853727-2DE3-4275-A808-A6933992C184,0x64028,0x940D0B8)
0:778  0:000  - [08]: Volume: PciRoot(0x0)\Pci(0x17,0x0)\Sata(0x0,0xFFFF,0x0)\HD(3,GPT,A5909DF4-F6E0-4BC0-B7BD-0311311CFA2C,0x94710E0,0x135F20)
0:778  0:000  - [09]: Volume: PciRoot(0x0)\Pci(0x17,0x0)\Sata(0x0,0xFFFF,0x0)\HD(4,GPT,73484E8B-FEB6-472B-AD7F-4C879F2F956E,0x95A7000,0x1293D000)
0:779  0:000          Result of bootcode detection: bootable unknown (legacy)
0:780  0:001  - [10]: Volume: PciRoot(0x0)\Pci(0x17,0x0)\Sata(0x1,0xFFFF,0x0)\HD(1,GPT,1DEE51FD-EA23-11E7-9BC3-FCAA149FA316,0x22,0x800)
0:781  0:000  - [11]: Volume: PciRoot(0x0)\Pci(0x17,0x0)\Sata(0x1,0xFFFF,0x0)\HD(2,GPT,1DEE51FE-EA23-11E7-9BC3-FCAA149FA316,0x822,0x3F800)
0:782  0:000          Result of bootcode detection: bootable unknown (legacy)
0:782  0:000  - [12]: Volume: PciRoot(0x0)\Pci(0x17,0x0)\Sata(0x1,0xFFFF,0x0)\HD(3,GPT,1DEE5203-EA23-11E7-9BC3-FCAA149FA316,0x40022,0x746C6D6D)
0:782  0:000          Result of bootcode detection: bootable unknown (legacy)
0:782  0:000  === [ InitTheme ] =========================================
0:782  0:000   using embedded theme
0:783  0:000  Using embedded font: Success
0:783  0:000  Chosen embedded theme
0:784  0:001  after NVRAM boot-args=
0:784  0:000  === [ Dump SMC keys from NVRAM ] ==========================
0:784  0:000  found AppleSMC protocol
0:874  0:089  Registered 16 SMC keys
0:878  0:004  === [ ScanLoader ] ========================================
0:878  0:000  - [01]: 'EFI'
0:882  0:003          AddLoaderEntry for Volume Name=EFI
0:882  0:000          skipped because entry is hidden
0:882  0:000  - [02]: 'Install macOS High Sierra'
0:884  0:002          AddLoaderEntry for Volume Name=Install macOS High Sierra
0:890  0:006  - [06]: 'EFI'
0:913  0:022          AddLoaderEntry for Volume Name=EFI
0:913  0:000          skipped because entry is hidden
0:913  0:000  - [07]: 'Mac OS'
0:917  0:004          AddLoaderEntry for Volume Name=Mac OS
0:919  0:001      Check if volume Is Hibernated:
0:919  0:000      Check sleep image 'by signature':
0:924  0:004      read prefs \Library\Preferences\com.apple.PowerManagement.plist status=Success
0:924  0:000      using default sleep image name = \private\var\vm\sleepimage
0:927  0:003      no valid sleep image offset was found
0:927  0:000       sleepimage offset could not be acquired
0:927  0:000      hibernated: no - sign
0:930  0:003  - [08]: 'Recovery HD'
0:931  0:000          AddLoaderEntry for Volume Name=Recovery HD
0:935  0:004  - [09]: 'UNTITLED'
0:955  0:019  Scanning legacy ...
0:955  0:000  === [ AddCustomTool ] =====================================
0:957  0:001  found tool \EFI\CLOVER\tools\Shell64U.efi
0:957  0:000  Checking EFI partition Volume 1 for Clover
0:960  0:002   Found Clover
0:960  0:000  === [ GetEfiBootDeviceFromNvram ] =========================
0:961  0:001   - efi-boot-device-data: PciRoot(0x0)\Pci(0x17,0x0)\Sata(0x0,0xFFFF,0x0)\HD(2,GPT,E8853727-2DE3-4275-A808-A6933992C184,0x64028,0x940D0B8)
0:961  0:000    - Volume: 'PciRoot(0x0)\Pci(0x17,0x0)\Sata(0x0,0xFFFF,0x0)\HD(2,GPT,E8853727-2DE3-4275-A808-A6933992C184,0x64028,0x940D0B8)'
0:961  0:000    - LoaderPath: '<null string>'
0:961  0:000    - Guid = E8853727-2DE3-4275-A808-A6933992C184
0:961  0:000  === [ FindStartupDiskVolume ] =============================
0:961  0:000    - Volume: partition = PciRoot(0x0)\Pci(0x17,0x0)\Sata(0x0,0xFFFF,0x0)\HD(2,GPT,E8853727-2DE3-4275-A808-A6933992C184,0x64028,0x940D0B8)
0:961  0:000     - searching for that partition
0:961  0:000      - found entry 1. 'Boot macOS from Mac OS', Volume 'Mac OS'
0:961  0:000  Boot redirected to Entry 1. 'Boot macOS from Mac OS'
0:961  0:000  DefaultIndex=1 and MainMenu.EntryCount=9
2:338  1:376  GUI ready
